2018-04-04 09:22:54,001 [Worker-1] INFO  o.e.m.c.i.l.LifecycleMappingFactory - Using org.eclipse.m2e.jdt.JarLifecycleMapping lifecycle mapping for MavenProject: com.gerald:test-eureka-server:0.0.1-SNAPSHOT @ D:\spring-cloud-source-code\test-eureka-server\pom.xml.
2018-04-04 09:22:56,044 [Worker-1] INFO  o.e.m.c.i.embedder.EclipseLogger - Using 'UTF-8' encoding to copy filtered resources.
2018-04-04 09:22:56,064 [Worker-1] INFO  o.e.m.c.i.embedder.EclipseLogger - Copying 1 resource
2018-04-04 09:22:56,089 [Worker-1] INFO  o.e.m.c.i.embedder.EclipseLogger - Copying 0 resource
2018-04-04 09:22:56,092 [Worker-1] INFO  o.e.m.c.i.embedder.EclipseLogger - Using 'UTF-8' encoding to copy filtered resources.
2018-04-04 09:22:56,092 [Worker-1] INFO  o.e.m.c.i.embedder.EclipseLogger - skip non existing resourceDirectory D:\spring-cloud-source-code\test-eureka-server\src\test\resources
2018-04-04 09:22:58,487 [Worker-0] INFO  o.e.m.c.i.l.LifecycleMappingFactory - Using org.eclipse.m2e.jdt.JarLifecycleMapping lifecycle mapping for MavenProject: com.gerald:test-eureka-server:0.0.1-SNAPSHOT @ D:\spring-cloud-source-code\test-eureka-server\pom.xml.
2018-04-04 09:23:00,019 [Worker-9] INFO  o.e.m.c.i.embedder.EclipseLogger - Using 'UTF-8' encoding to copy filtered resources.
2018-04-04 09:23:00,023 [Worker-9] INFO  o.e.m.c.i.embedder.EclipseLogger - Copying 1 resource
2018-04-04 09:23:00,037 [Worker-9] INFO  o.e.m.c.i.embedder.EclipseLogger - Copying 0 resource
2018-04-04 09:23:00,040 [Worker-9] INFO  o.e.m.c.i.embedder.EclipseLogger - Using 'UTF-8' encoding to copy filtered resources.
2018-04-04 09:23:00,040 [Worker-9] INFO  o.e.m.c.i.embedder.EclipseLogger - skip non existing resourceDirectory D:\spring-cloud-source-code\test-eureka-server\src\test\resources
2018-04-04 09:23:01,794 [Worker-0] INFO  o.e.m.c.i.embedder.EclipseLogger - Using 'UTF-8' encoding to copy filtered resources.
2018-04-04 09:23:01,794 [Worker-0] INFO  o.e.m.c.i.embedder.EclipseLogger - Copying 0 resource
2018-04-04 09:23:01,794 [Worker-0] INFO  o.e.m.c.i.embedder.EclipseLogger - Copying 0 resource
2018-04-04 09:23:01,796 [Worker-0] INFO  o.e.m.c.i.embedder.EclipseLogger - Using 'UTF-8' encoding to copy filtered resources.
2018-04-04 09:23:01,797 [Worker-0] INFO  o.e.m.c.i.embedder.EclipseLogger - skip non existing resourceDirectory D:\spring-cloud-source-code\test-eureka-server\src\test\resources
2018-04-04 09:23:16,969 [Worker-6] INFO  o.e.m.c.i.l.LifecycleMappingFactory - Using NULL lifecycle mapping for MavenProject: org.springframework.cloud:spring-cloud-netflix:1.2.6.RELEASE @ D:\spring-cloud-source-code\spring-cloud-netflix-1.2.6.RELEASE\pom.xml.
2018-04-04 09:23:16,973 [Worker-6] INFO  o.e.m.c.i.l.LifecycleMappingFactory - Using NULL lifecycle mapping for MavenProject: org.springframework.cloud:spring-cloud-netflix-dependencies:1.2.6.RELEASE @ D:\spring-cloud-source-code\spring-cloud-netflix-1.2.6.RELEASE\spring-cloud-netflix-dependencies\pom.xml.
2018-04-04 09:23:17,565 [Worker-6] INFO  o.e.m.c.i.l.LifecycleMappingFactory - Using org.eclipse.m2e.jdt.JarLifecycleMapping lifecycle mapping for MavenProject: org.springframework.cloud:spring-cloud-netflix-core:1.2.6.RELEASE @ D:\spring-cloud-source-code\spring-cloud-netflix-1.2.6.RELEASE\spring-cloud-netflix-core\pom.xml.
2018-04-04 09:23:19,275 [Worker-6] INFO  o.e.m.c.i.l.LifecycleMappingFactory - Using org.eclipse.m2e.jdt.JarLifecycleMapping lifecycle mapping for MavenProject: org.springframework.cloud:spring-cloud-netflix-hystrix-dashboard:1.2.6.RELEASE @ D:\spring-cloud-source-code\spring-cloud-netflix-1.2.6.RELEASE\spring-cloud-netflix-hystrix-dashboard\pom.xml.
2018-04-04 09:23:19,613 [Worker-6] INFO  o.e.m.c.i.l.LifecycleMappingFactory - Using org.eclipse.m2e.jdt.JarLifecycleMapping lifecycle mapping for MavenProject: org.springframework.cloud:spring-cloud-netflix-hystrix-amqp:1.2.6.RELEASE @ D:\spring-cloud-source-code\spring-cloud-netflix-1.2.6.RELEASE\spring-cloud-netflix-hystrix-amqp\pom.xml.
2018-04-04 09:23:20,222 [Worker-6] INFO  o.e.m.c.i.l.LifecycleMappingFactory - Using org.eclipse.m2e.jdt.JarLifecycleMapping lifecycle mapping for MavenProject: org.springframework.cloud:spring-cloud-netflix-hystrix-stream:1.2.6.RELEASE @ D:\spring-cloud-source-code\spring-cloud-netflix-1.2.6.RELEASE\spring-cloud-netflix-hystrix-stream\pom.xml.
2018-04-04 09:23:20,416 [Worker-6] INFO  o.e.m.c.i.l.LifecycleMappingFactory - Using org.eclipse.m2e.jdt.JarLifecycleMapping lifecycle mapping for MavenProject: org.springframework.cloud:spring-cloud-netflix-eureka-client:1.2.6.RELEASE @ D:\spring-cloud-source-code\spring-cloud-netflix-1.2.6.RELEASE\spring-cloud-netflix-eureka-client\pom.xml.
2018-04-04 09:23:21,001 [Worker-6] INFO  o.e.m.c.i.l.LifecycleMappingFactory - Using org.eclipse.m2e.jdt.JarLifecycleMapping lifecycle mapping for MavenProject: org.springframework.cloud:spring-cloud-netflix-eureka-server:1.2.6.RELEASE @ D:\spring-cloud-source-code\spring-cloud-netflix-1.2.6.RELEASE\spring-cloud-netflix-eureka-server\pom.xml.
2018-04-04 09:23:21,143 [Worker-6] INFO  o.e.m.c.i.l.LifecycleMappingFactory - Using org.eclipse.m2e.jdt.JarLifecycleMapping lifecycle mapping for MavenProject: org.springframework.cloud:spring-cloud-netflix-spectator:1.2.6.RELEASE @ D:\spring-cloud-source-code\spring-cloud-netflix-1.2.6.RELEASE\spring-cloud-netflix-spectator\pom.xml.
2018-04-04 09:23:21,407 [Worker-6] INFO  o.e.m.c.i.l.LifecycleMappingFactory - Using org.eclipse.m2e.jdt.JarLifecycleMapping lifecycle mapping for MavenProject: org.springframework.cloud:spring-cloud-netflix-turbine:1.2.6.RELEASE @ D:\spring-cloud-source-code\spring-cloud-netflix-1.2.6.RELEASE\spring-cloud-netflix-turbine\pom.xml.
2018-04-04 09:23:21,576 [Worker-6] INFO  o.e.m.c.i.l.LifecycleMappingFactory - Using org.eclipse.m2e.jdt.JarLifecycleMapping lifecycle mapping for MavenProject: org.springframework.cloud:spring-cloud-netflix-turbine-stream:1.2.6.RELEASE @ D:\spring-cloud-source-code\spring-cloud-netflix-1.2.6.RELEASE\spring-cloud-netflix-turbine-stream\pom.xml.
2018-04-04 09:23:21,696 [Worker-6] INFO  o.e.m.c.i.l.LifecycleMappingFactory - Using org.eclipse.m2e.jdt.JarLifecycleMapping lifecycle mapping for MavenProject: org.springframework.cloud:spring-cloud-netflix-sidecar:1.2.6.RELEASE @ D:\spring-cloud-source-code\spring-cloud-netflix-1.2.6.RELEASE\spring-cloud-netflix-sidecar\pom.xml.
2018-04-04 09:23:21,805 [Worker-6] INFO  o.e.m.c.i.l.LifecycleMappingFactory - Using org.eclipse.m2e.jdt.JarLifecycleMapping lifecycle mapping for MavenProject: org.springframework.cloud:spring-cloud-starter-archaius:1.2.6.RELEASE @ D:\spring-cloud-source-code\spring-cloud-netflix-1.2.6.RELEASE\spring-cloud-starter-archaius\pom.xml.
2018-04-04 09:23:21,885 [Worker-6] INFO  o.e.m.c.i.l.LifecycleMappingFactory - Using org.eclipse.m2e.jdt.JarLifecycleMapping lifecycle mapping for MavenProject: org.springframework.cloud:spring-cloud-starter-atlas:1.2.6.RELEASE @ D:\spring-cloud-source-code\spring-cloud-netflix-1.2.6.RELEASE\spring-cloud-starter-atlas\pom.xml.
2018-04-04 09:23:21,955 [Worker-6] INFO  o.e.m.c.i.l.LifecycleMappingFactory - Using org.eclipse.m2e.jdt.JarLifecycleMapping lifecycle mapping for MavenProject: org.springframework.cloud:spring-cloud-starter-eureka:1.2.6.RELEASE @ D:\spring-cloud-source-code\spring-cloud-netflix-1.2.6.RELEASE\spring-cloud-starter-eureka\pom.xml.
2018-04-04 09:23:22,058 [Worker-6] INFO  o.e.m.c.i.l.LifecycleMappingFactory - Using org.eclipse.m2e.jdt.JarLifecycleMapping lifecycle mapping for MavenProject: org.springframework.cloud:spring-cloud-starter-eureka-server:1.2.6.RELEASE @ D:\spring-cloud-source-code\spring-cloud-netflix-1.2.6.RELEASE\spring-cloud-starter-eureka-server\pom.xml.
2018-04-04 09:23:22,162 [Worker-6] INFO  o.e.m.c.i.l.LifecycleMappingFactory - Using org.eclipse.m2e.jdt.JarLifecycleMapping lifecycle mapping for MavenProject: org.springframework.cloud:spring-cloud-starter-feign:1.2.6.RELEASE @ D:\spring-cloud-source-code\spring-cloud-netflix-1.2.6.RELEASE\spring-cloud-starter-feign\pom.xml.
2018-04-04 09:23:22,246 [Worker-6] INFO  o.e.m.c.i.l.LifecycleMappingFactory - Using org.eclipse.m2e.jdt.JarLifecycleMapping lifecycle mapping for MavenProject: org.springframework.cloud:spring-cloud-starter-hystrix:1.2.6.RELEASE @ D:\spring-cloud-source-code\spring-cloud-netflix-1.2.6.RELEASE\spring-cloud-starter-hystrix\pom.xml.
2018-04-04 09:23:22,327 [Worker-6] INFO  o.e.m.c.i.l.LifecycleMappingFactory - Using org.eclipse.m2e.jdt.JarLifecycleMapping lifecycle mapping for MavenProject: org.springframework.cloud:spring-cloud-starter-hystrix-dashboard:1.2.6.RELEASE @ D:\spring-cloud-source-code\spring-cloud-netflix-1.2.6.RELEASE\spring-cloud-starter-hystrix-dashboard\pom.xml.
2018-04-04 09:23:22,422 [Worker-6] INFO  o.e.m.c.i.l.LifecycleMappingFactory - Using org.eclipse.m2e.jdt.JarLifecycleMapping lifecycle mapping for MavenProject: org.springframework.cloud:spring-cloud-starter-ribbon:1.2.6.RELEASE @ D:\spring-cloud-source-code\spring-cloud-netflix-1.2.6.RELEASE\spring-cloud-starter-ribbon\pom.xml.
2018-04-04 09:23:22,500 [Worker-6] INFO  o.e.m.c.i.l.LifecycleMappingFactory - Using org.eclipse.m2e.jdt.JarLifecycleMapping lifecycle mapping for MavenProject: org.springframework.cloud:spring-cloud-starter-spectator:1.2.6.RELEASE @ D:\spring-cloud-source-code\spring-cloud-netflix-1.2.6.RELEASE\spring-cloud-starter-spectator\pom.xml.
2018-04-04 09:23:22,595 [Worker-6] INFO  o.e.m.c.i.l.LifecycleMappingFactory - Using org.eclipse.m2e.jdt.JarLifecycleMapping lifecycle mapping for MavenProject: org.springframework.cloud:spring-cloud-starter-turbine:1.2.6.RELEASE @ D:\spring-cloud-source-code\spring-cloud-netflix-1.2.6.RELEASE\spring-cloud-starter-turbine\pom.xml.
2018-04-04 09:23:22,704 [Worker-6] INFO  o.e.m.c.i.l.LifecycleMappingFactory - Using org.eclipse.m2e.jdt.JarLifecycleMapping lifecycle mapping for MavenProject: org.springframework.cloud:spring-cloud-starter-turbine-amqp:1.2.6.RELEASE @ D:\spring-cloud-source-code\spring-cloud-netflix-1.2.6.RELEASE\spring-cloud-starter-turbine-amqp\pom.xml.
2018-04-04 09:23:22,826 [Worker-6] INFO  o.e.m.c.i.l.LifecycleMappingFactory - Using org.eclipse.m2e.jdt.JarLifecycleMapping lifecycle mapping for MavenProject: org.springframework.cloud:spring-cloud-starter-turbine-stream:1.2.6.RELEASE @ D:\spring-cloud-source-code\spring-cloud-netflix-1.2.6.RELEASE\spring-cloud-starter-turbine-stream\pom.xml.
2018-04-04 09:23:22,921 [Worker-6] INFO  o.e.m.c.i.l.LifecycleMappingFactory - Using org.eclipse.m2e.jdt.JarLifecycleMapping lifecycle mapping for MavenProject: org.springframework.cloud:spring-cloud-starter-zuul:1.2.6.RELEASE @ D:\spring-cloud-source-code\spring-cloud-netflix-1.2.6.RELEASE\spring-cloud-starter-zuul\pom.xml.
2018-04-04 09:23:22,954 [Worker-6] INFO  o.e.m.c.i.l.LifecycleMappingFactory - Using NULL lifecycle mapping for MavenProject: org.springframework.cloud:spring-cloud-netflix-docs:1.2.6.RELEASE @ D:\spring-cloud-source-code\spring-cloud-netflix-1.2.6.RELEASE\docs\pom.xml.
2018-04-04 09:23:23,001 [Worker-6] INFO  o.e.m.c.i.l.LifecycleMappingFactory - Using org.eclipse.m2e.jdt.JarLifecycleMapping lifecycle mapping for MavenProject: com.gerald:test-eureka-server:0.0.1-SNAPSHOT @ D:\spring-cloud-source-code\test-eureka-server\pom.xml.
2018-04-04 09:23:27,951 [Worker-6] INFO  o.e.m.j.i.AbstractJavaProjectConfigurator - Adding source folder /spring-cloud-netflix-core/src/main/java
2018-04-04 09:23:27,953 [Worker-6] INFO  o.e.m.j.i.AbstractJavaProjectConfigurator - Adding resource folder /spring-cloud-netflix-core/src/main/resources
2018-04-04 09:23:27,956 [Worker-6] INFO  o.e.m.j.i.AbstractJavaProjectConfigurator - Adding resource folder /spring-cloud-netflix-core/src/main/resources
2018-04-04 09:23:27,961 [Worker-6] INFO  o.e.m.j.i.AbstractJavaProjectConfigurator - Adding source folder /spring-cloud-netflix-core/src/test/java
2018-04-04 09:23:27,961 [Worker-6] INFO  o.e.m.j.i.AbstractJavaProjectConfigurator - Adding resource folder /spring-cloud-netflix-core/src/test/resources
2018-04-04 09:23:29,146 [Worker-6] INFO  o.e.m.j.i.AbstractJavaProjectConfigurator - Adding source folder /spring-cloud-netflix-turbine-stream/src/main/java
2018-04-04 09:23:29,147 [Worker-6] INFO  o.e.m.j.i.AbstractJavaProjectConfigurator - Adding resource folder /spring-cloud-netflix-turbine-stream/src/main/resources
2018-04-04 09:23:29,150 [Worker-6] INFO  o.e.m.j.i.AbstractJavaProjectConfigurator - Adding resource folder /spring-cloud-netflix-turbine-stream/src/main/resources
2018-04-04 09:23:29,153 [Worker-6] INFO  o.e.m.j.i.AbstractJavaProjectConfigurator - Adding source folder /spring-cloud-netflix-turbine-stream/src/test/java
2018-04-04 09:23:29,154 [Worker-6] INFO  o.e.m.j.i.AbstractJavaProjectConfigurator - Adding resource folder /spring-cloud-netflix-turbine-stream/src/test/resources
2018-04-04 09:23:29,751 [Worker-6] INFO  o.e.m.j.i.AbstractJavaProjectConfigurator - Adding source folder /spring-cloud-netflix-hystrix-stream/src/main/java
2018-04-04 09:23:29,751 [Worker-6] INFO  o.e.m.j.i.AbstractJavaProjectConfigurator - Adding resource folder /spring-cloud-netflix-hystrix-stream/src/main/resources
2018-04-04 09:23:29,755 [Worker-6] INFO  o.e.m.j.i.AbstractJavaProjectConfigurator - Adding resource folder /spring-cloud-netflix-hystrix-stream/src/main/resources
2018-04-04 09:23:29,759 [Worker-6] INFO  o.e.m.j.i.AbstractJavaProjectConfigurator - Adding source folder /spring-cloud-netflix-hystrix-stream/src/test/java
2018-04-04 09:23:29,759 [Worker-6] INFO  o.e.m.j.i.AbstractJavaProjectConfigurator - Adding resource folder /spring-cloud-netflix-hystrix-stream/src/test/resources
2018-04-04 09:23:30,035 [Worker-6] INFO  o.e.m.j.i.AbstractJavaProjectConfigurator - Adding source folder /spring-cloud-netflix-eureka-client/src/main/java
2018-04-04 09:23:30,036 [Worker-6] INFO  o.e.m.j.i.AbstractJavaProjectConfigurator - Adding resource folder /spring-cloud-netflix-eureka-client/src/main/resources
2018-04-04 09:23:30,038 [Worker-6] INFO  o.e.m.j.i.AbstractJavaProjectConfigurator - Adding resource folder /spring-cloud-netflix-eureka-client/src/main/resources
2018-04-04 09:23:30,041 [Worker-6] INFO  o.e.m.j.i.AbstractJavaProjectConfigurator - Adding source folder /spring-cloud-netflix-eureka-client/src/test/java
2018-04-04 09:23:30,041 [Worker-6] INFO  o.e.m.j.i.AbstractJavaProjectConfigurator - Adding resource folder /spring-cloud-netflix-eureka-client/src/test/resources
2018-04-04 09:23:36,544 [Worker-6] INFO  o.e.m.j.i.AbstractJavaProjectConfigurator - Adding source folder /spring-cloud-netflix-eureka-server/src/main/java
2018-04-04 09:23:36,544 [Worker-6] INFO  o.e.m.j.i.AbstractJavaProjectConfigurator - Adding resource folder /spring-cloud-netflix-eureka-server/src/main/resources
2018-04-04 09:23:36,554 [Worker-6] INFO  o.e.m.j.i.AbstractJavaProjectConfigurator - Adding source folder /spring-cloud-netflix-eureka-server/src/test/java
2018-04-04 09:23:36,554 [Worker-6] INFO  o.e.m.j.i.AbstractJavaProjectConfigurator - Adding resource folder /spring-cloud-netflix-eureka-server/src/test/resources
2018-04-04 09:23:36,833 [Worker-6] INFO  o.e.m.j.i.AbstractJavaProjectConfigurator - Adding source folder /spring-cloud-starter-archaius/src/main/java
2018-04-04 09:23:36,833 [Worker-6] INFO  o.e.m.j.i.AbstractJavaProjectConfigurator - Adding resource folder /spring-cloud-starter-archaius/src/main/resources
2018-04-04 09:23:36,836 [Worker-6] INFO  o.e.m.j.i.AbstractJavaProjectConfigurator - Adding resource folder /spring-cloud-starter-archaius/src/main/resources
2018-04-04 09:23:36,837 [Worker-6] INFO  o.e.m.j.i.AbstractJavaProjectConfigurator - Adding source folder /spring-cloud-starter-archaius/src/test/java
2018-04-04 09:23:36,941 [Worker-6] INFO  o.e.m.j.i.AbstractJavaProjectConfigurator - Adding source folder /spring-cloud-starter-ribbon/src/main/java
2018-04-04 09:23:36,941 [Worker-6] INFO  o.e.m.j.i.AbstractJavaProjectConfigurator - Adding resource folder /spring-cloud-starter-ribbon/src/main/resources
2018-04-04 09:23:36,947 [Worker-6] INFO  o.e.m.j.i.AbstractJavaProjectConfigurator - Adding resource folder /spring-cloud-starter-ribbon/src/main/resources
2018-04-04 09:23:36,947 [Worker-6] INFO  o.e.m.j.i.AbstractJavaProjectConfigurator - Adding source folder /spring-cloud-starter-ribbon/src/test/java
2018-04-04 09:23:37,088 [Worker-6] INFO  o.e.m.j.i.AbstractJavaProjectConfigurator - Adding source folder /spring-cloud-starter-eureka-server/src/main/java
2018-04-04 09:23:37,088 [Worker-6] INFO  o.e.m.j.i.AbstractJavaProjectConfigurator - Adding resource folder /spring-cloud-starter-eureka-server/src/main/resources
2018-04-04 09:23:37,092 [Worker-6] INFO  o.e.m.j.i.AbstractJavaProjectConfigurator - Adding resource folder /spring-cloud-starter-eureka-server/src/main/resources
2018-04-04 09:23:37,093 [Worker-6] INFO  o.e.m.j.i.AbstractJavaProjectConfigurator - Adding source folder /spring-cloud-starter-eureka-server/src/test/java
2018-04-04 09:23:37,296 [Worker-6] INFO  o.e.m.j.i.AbstractJavaProjectConfigurator - Adding source folder /spring-cloud-starter-eureka/src/main/java
2018-04-04 09:23:37,296 [Worker-6] INFO  o.e.m.j.i.AbstractJavaProjectConfigurator - Adding resource folder /spring-cloud-starter-eureka/src/main/resources
2018-04-04 09:23:37,302 [Worker-6] INFO  o.e.m.j.i.AbstractJavaProjectConfigurator - Adding resource folder /spring-cloud-starter-eureka/src/main/resources
2018-04-04 09:23:37,303 [Worker-6] INFO  o.e.m.j.i.AbstractJavaProjectConfigurator - Adding source folder /spring-cloud-starter-eureka/src/test/java
2018-04-04 09:23:37,496 [Worker-6] INFO  o.e.m.j.i.AbstractJavaProjectConfigurator - Adding source folder /spring-cloud-netflix-turbine/src/main/java
2018-04-04 09:23:37,499 [Worker-6] INFO  o.e.m.j.i.AbstractJavaProjectConfigurator - Adding source folder /spring-cloud-netflix-turbine/src/test/java
2018-04-04 09:23:37,681 [Worker-6] INFO  o.e.m.j.i.AbstractJavaProjectConfigurator - Adding source folder /spring-cloud-starter-turbine/src/main/java
2018-04-04 09:23:37,682 [Worker-6] INFO  o.e.m.j.i.AbstractJavaProjectConfigurator - Adding resource folder /spring-cloud-starter-turbine/src/main/resources
2018-04-04 09:23:37,687 [Worker-6] INFO  o.e.m.j.i.AbstractJavaProjectConfigurator - Adding resource folder /spring-cloud-starter-turbine/src/main/resources
2018-04-04 09:23:37,687 [Worker-6] INFO  o.e.m.j.i.AbstractJavaProjectConfigurator - Adding source folder /spring-cloud-starter-turbine/src/test/java
2018-04-04 09:23:37,917 [Worker-6] INFO  o.e.m.j.i.AbstractJavaProjectConfigurator - Adding source folder /spring-cloud-netflix-spectator/src/main/java
2018-04-04 09:23:37,918 [Worker-6] INFO  o.e.m.j.i.AbstractJavaProjectConfigurator - Adding resource folder /spring-cloud-netflix-spectator/src/main/resources
2018-04-04 09:23:37,922 [Worker-6] INFO  o.e.m.j.i.AbstractJavaProjectConfigurator - Adding resource folder /spring-cloud-netflix-spectator/src/main/resources
2018-04-04 09:23:37,926 [Worker-6] INFO  o.e.m.j.i.AbstractJavaProjectConfigurator - Adding source folder /spring-cloud-netflix-spectator/src/test/java
2018-04-04 09:23:38,225 [Worker-6] INFO  o.e.m.j.i.AbstractJavaProjectConfigurator - Adding source folder /spring-cloud-starter-spectator/src/main/java
2018-04-04 09:23:38,226 [Worker-6] INFO  o.e.m.j.i.AbstractJavaProjectConfigurator - Adding resource folder /spring-cloud-starter-spectator/src/main/resources
2018-04-04 09:23:38,234 [Worker-6] INFO  o.e.m.j.i.AbstractJavaProjectConfigurator - Adding resource folder /spring-cloud-starter-spectator/src/main/resources
2018-04-04 09:23:38,235 [Worker-6] INFO  o.e.m.j.i.AbstractJavaProjectConfigurator - Adding source folder /spring-cloud-starter-spectator/src/test/java
2018-04-04 09:23:38,366 [Worker-6] INFO  o.e.m.j.i.AbstractJavaProjectConfigurator - Adding source folder /spring-cloud-starter-hystrix/src/main/java
2018-04-04 09:23:38,367 [Worker-6] INFO  o.e.m.j.i.AbstractJavaProjectConfigurator - Adding resource folder /spring-cloud-starter-hystrix/src/main/resources
2018-04-04 09:23:38,373 [Worker-6] INFO  o.e.m.j.i.AbstractJavaProjectConfigurator - Adding resource folder /spring-cloud-starter-hystrix/src/main/resources
2018-04-04 09:23:38,373 [Worker-6] INFO  o.e.m.j.i.AbstractJavaProjectConfigurator - Adding source folder /spring-cloud-starter-hystrix/src/test/java
2018-04-04 09:23:38,492 [Worker-6] INFO  o.e.m.j.i.AbstractJavaProjectConfigurator - Adding source folder /spring-cloud-starter-zuul/src/main/java
2018-04-04 09:23:38,492 [Worker-6] INFO  o.e.m.j.i.AbstractJavaProjectConfigurator - Adding resource folder /spring-cloud-starter-zuul/src/main/resources
2018-04-04 09:23:38,497 [Worker-6] INFO  o.e.m.j.i.AbstractJavaProjectConfigurator - Adding resource folder /spring-cloud-starter-zuul/src/main/resources
2018-04-04 09:23:38,498 [Worker-6] INFO  o.e.m.j.i.AbstractJavaProjectConfigurator - Adding source folder /spring-cloud-starter-zuul/src/test/java
2018-04-04 09:23:38,724 [Worker-6] INFO  o.e.m.j.i.AbstractJavaProjectConfigurator - Adding source folder /spring-cloud-netflix-hystrix-dashboard/src/main/java
2018-04-04 09:23:38,724 [Worker-6] INFO  o.e.m.j.i.AbstractJavaProjectConfigurator - Adding resource folder /spring-cloud-netflix-hystrix-dashboard/src/main/resources
2018-04-04 09:23:38,727 [Worker-6] INFO  o.e.m.j.i.AbstractJavaProjectConfigurator - Adding resource folder /spring-cloud-netflix-hystrix-dashboard/src/main/resources
2018-04-04 09:23:38,730 [Worker-6] INFO  o.e.m.j.i.AbstractJavaProjectConfigurator - Adding source folder /spring-cloud-netflix-hystrix-dashboard/src/test/java
2018-04-04 09:23:38,730 [Worker-6] INFO  o.e.m.j.i.AbstractJavaProjectConfigurator - Adding resource folder /spring-cloud-netflix-hystrix-dashboard/src/test/resources
2018-04-04 09:23:38,898 [Worker-6] INFO  o.e.m.j.i.AbstractJavaProjectConfigurator - Adding source folder /spring-cloud-starter-hystrix-dashboard/src/main/java
2018-04-04 09:23:38,899 [Worker-6] INFO  o.e.m.j.i.AbstractJavaProjectConfigurator - Adding resource folder /spring-cloud-starter-hystrix-dashboard/src/main/resources
2018-04-04 09:23:38,903 [Worker-6] INFO  o.e.m.j.i.AbstractJavaProjectConfigurator - Adding resource folder /spring-cloud-starter-hystrix-dashboard/src/main/resources
2018-04-04 09:23:38,903 [Worker-6] INFO  o.e.m.j.i.AbstractJavaProjectConfigurator - Adding source folder /spring-cloud-starter-hystrix-dashboard/src/test/java
2018-04-04 09:23:39,015 [Worker-6] INFO  o.e.m.j.i.AbstractJavaProjectConfigurator - Adding source folder /spring-cloud-starter-feign/src/main/java
2018-04-04 09:23:39,015 [Worker-6] INFO  o.e.m.j.i.AbstractJavaProjectConfigurator - Adding resource folder /spring-cloud-starter-feign/src/main/resources
2018-04-04 09:23:39,019 [Worker-6] INFO  o.e.m.j.i.AbstractJavaProjectConfigurator - Adding resource folder /spring-cloud-starter-feign/src/main/resources
2018-04-04 09:23:39,019 [Worker-6] INFO  o.e.m.j.i.AbstractJavaProjectConfigurator - Adding source folder /spring-cloud-starter-feign/src/test/java
2018-04-04 09:23:39,144 [Worker-6] INFO  o.e.m.j.i.AbstractJavaProjectConfigurator - Adding source folder /spring-cloud-starter-turbine-stream/src/main/java
2018-04-04 09:23:39,144 [Worker-6] INFO  o.e.m.j.i.AbstractJavaProjectConfigurator - Adding resource folder /spring-cloud-starter-turbine-stream/src/main/resources
2018-04-04 09:23:39,148 [Worker-6] INFO  o.e.m.j.i.AbstractJavaProjectConfigurator - Adding resource folder /spring-cloud-starter-turbine-stream/src/main/resources
2018-04-04 09:23:39,148 [Worker-6] INFO  o.e.m.j.i.AbstractJavaProjectConfigurator - Adding source folder /spring-cloud-starter-turbine-stream/src/test/java
2018-04-04 09:23:39,346 [Worker-6] INFO  o.e.m.j.i.AbstractJavaProjectConfigurator - Adding source folder /spring-cloud-starter-turbine-amqp/src/main/java
2018-04-04 09:23:39,346 [Worker-6] INFO  o.e.m.j.i.AbstractJavaProjectConfigurator - Adding resource folder /spring-cloud-starter-turbine-amqp/src/main/resources
2018-04-04 09:23:39,350 [Worker-6] INFO  o.e.m.j.i.AbstractJavaProjectConfigurator - Adding resource folder /spring-cloud-starter-turbine-amqp/src/main/resources
2018-04-04 09:23:39,351 [Worker-6] INFO  o.e.m.j.i.AbstractJavaProjectConfigurator - Adding source folder /spring-cloud-starter-turbine-amqp/src/test/java
2018-04-04 09:23:39,574 [Worker-6] INFO  o.e.m.j.i.AbstractJavaProjectConfigurator - Adding source folder /spring-cloud-netflix-sidecar/src/main/java
2018-04-04 09:23:39,578 [Worker-6] INFO  o.e.m.j.i.AbstractJavaProjectConfigurator - Adding source folder /spring-cloud-netflix-sidecar/src/test/java
2018-04-04 09:23:39,579 [Worker-6] INFO  o.e.m.j.i.AbstractJavaProjectConfigurator - Adding resource folder /spring-cloud-netflix-sidecar/src/test/resources
2018-04-04 09:23:39,907 [Worker-6] INFO  o.e.m.j.i.AbstractJavaProjectConfigurator - Adding source folder /spring-cloud-starter-atlas/src/main/java
2018-04-04 09:23:39,908 [Worker-6] INFO  o.e.m.j.i.AbstractJavaProjectConfigurator - Adding resource folder /spring-cloud-starter-atlas/src/main/resources
2018-04-04 09:23:39,915 [Worker-6] INFO  o.e.m.j.i.AbstractJavaProjectConfigurator - Adding resource folder /spring-cloud-starter-atlas/src/main/resources
2018-04-04 09:23:39,916 [Worker-6] INFO  o.e.m.j.i.AbstractJavaProjectConfigurator - Adding source folder /spring-cloud-starter-atlas/src/test/java
2018-04-04 09:23:40,029 [Worker-6] INFO  o.e.m.j.i.AbstractJavaProjectConfigurator - Adding source folder /spring-cloud-netflix-hystrix-amqp/src/main/java
2018-04-04 09:23:40,029 [Worker-6] INFO  o.e.m.j.i.AbstractJavaProjectConfigurator - Adding resource folder /spring-cloud-netflix-hystrix-amqp/src/main/resources
2018-04-04 09:23:40,035 [Worker-6] INFO  o.e.m.j.i.AbstractJavaProjectConfigurator - Adding resource folder /spring-cloud-netflix-hystrix-amqp/src/main/resources
2018-04-04 09:23:40,036 [Worker-6] INFO  o.e.m.j.i.AbstractJavaProjectConfigurator - Adding source folder /spring-cloud-netflix-hystrix-amqp/src/test/java
2018-04-04 09:23:40,189 [Worker-6] INFO  o.e.m.c.i.p.ProjectConfigurationManager - Imported and configured 26 project(s) in 28 sec
2018-04-04 09:23:45,469 [Worker-11] INFO  o.e.m.c.i.embedder.EclipseLogger - Using 'UTF-8' encoding to copy filtered resources.
2018-04-04 09:23:45,470 [Worker-11] INFO  o.e.m.c.i.embedder.EclipseLogger - Copying 0 resource
2018-04-04 09:23:45,470 [Worker-11] INFO  o.e.m.c.i.embedder.EclipseLogger - Copying 1 resource
2018-04-04 09:23:45,475 [Worker-11] INFO  o.e.m.c.i.embedder.EclipseLogger - Using 'UTF-8' encoding to copy filtered resources.
2018-04-04 09:23:45,476 [Worker-11] INFO  o.e.m.c.i.embedder.EclipseLogger - Copying 5 resources
2018-04-04 09:23:46,257 [Worker-11] INFO  o.e.m.c.i.embedder.EclipseLogger - Using 'UTF-8' encoding to copy filtered resources.
2018-04-04 09:23:46,257 [Worker-11] INFO  o.e.m.c.i.embedder.EclipseLogger - Copying 0 resource
2018-04-04 09:23:46,257 [Worker-11] INFO  o.e.m.c.i.embedder.EclipseLogger - Copying 1 resource
2018-04-04 09:23:46,262 [Worker-11] INFO  o.e.m.c.i.embedder.EclipseLogger - Using 'UTF-8' encoding to copy filtered resources.
2018-04-04 09:23:46,262 [Worker-11] INFO  o.e.m.c.i.embedder.EclipseLogger - Copying 1 resource
2018-04-04 09:23:46,867 [Worker-11] INFO  o.e.m.c.i.embedder.EclipseLogger - Using 'UTF-8' encoding to copy filtered resources.
2018-04-04 09:23:46,868 [Worker-11] INFO  o.e.m.c.i.embedder.EclipseLogger - Copying 6 resources
2018-04-04 09:23:46,921 [Worker-11] INFO  o.e.m.c.i.embedder.EclipseLogger - D:\spring-cloud-source-code\spring-cloud-netflix-1.2.6.RELEASE\spring-cloud-netflix-eureka-server/src/main/wro
2018-04-04 09:23:46,921 [Worker-11] INFO  o.e.m.c.i.embedder.EclipseLogger - Executing the mojo: 
2018-04-04 09:23:46,921 [Worker-11] INFO  o.e.m.c.i.embedder.EclipseLogger - Wro4j Model path: D:\spring-cloud-source-code\spring-cloud-netflix-1.2.6.RELEASE\spring-cloud-netflix-eureka-server\target\wro\wro.xml
2018-04-04 09:23:46,921 [Worker-11] INFO  o.e.m.c.i.embedder.EclipseLogger - targetGroups: null
2018-04-04 09:23:46,922 [Worker-11] INFO  o.e.m.c.i.embedder.EclipseLogger - minimize: true
2018-04-04 09:23:46,922 [Worker-11] INFO  o.e.m.c.i.embedder.EclipseLogger - ignoreMissingResources: null
2018-04-04 09:23:46,922 [Worker-11] INFO  o.e.m.c.i.embedder.EclipseLogger - parallelProcessing: false
2018-04-04 09:23:46,922 [Worker-11] INFO  o.e.m.c.i.embedder.EclipseLogger - buildDirectory: D:\spring-cloud-source-code\spring-cloud-netflix-1.2.6.RELEASE\spring-cloud-netflix-eureka-server\target
2018-04-04 09:23:46,949 [Worker-11] INFO  o.e.m.c.i.embedder.EclipseLogger - destinationFolder: D:\spring-cloud-source-code\spring-cloud-netflix-1.2.6.RELEASE\spring-cloud-netflix-eureka-server\target
2018-04-04 09:23:46,950 [Worker-11] INFO  o.e.m.c.i.embedder.EclipseLogger - jsDestinationFolder: D:\spring-cloud-source-code\spring-cloud-netflix-1.2.6.RELEASE\spring-cloud-netflix-eureka-server\target\generated-resources\static\eureka\js
2018-04-04 09:23:46,950 [Worker-11] INFO  o.e.m.c.i.embedder.EclipseLogger - cssDestinationFolder: D:\spring-cloud-source-code\spring-cloud-netflix-1.2.6.RELEASE\spring-cloud-netflix-eureka-server\target\generated-resources\static\eureka\css
2018-04-04 09:23:46,985 [Worker-11] INFO  o.e.m.c.i.embedder.EclipseLogger - wroManagerFactory class: ro.isdc.wro.maven.plugin.manager.factory.ConfigurableWroManagerFactory
2018-04-04 09:23:47,843 [Worker-11] INFO  o.e.m.c.i.embedder.EclipseLogger - The following groups will be processed: [wro]
2018-04-04 09:23:47,843 [Worker-11] INFO  o.e.m.c.i.embedder.EclipseLogger - folder: D:\spring-cloud-source-code\spring-cloud-netflix-1.2.6.RELEASE\spring-cloud-netflix-eureka-server\target\generated-resources\static\eureka\css
2018-04-04 09:23:47,845 [Worker-11] INFO  o.e.m.c.i.embedder.EclipseLogger - processing group: wro.css
2018-04-04 09:23:53,045 [Worker-11] WARN  r.i.w.e.p.css.Less4jProcessor - Less warnings are:
2018-04-04 09:23:53,047 [Worker-11] WARN  r.i.w.e.p.css.Less4jProcessor - 10:1 Cannot link source map. Css result location is not know and could not be deduced from input less source..
2018-04-04 09:23:53,062 [Worker-11] INFO  o.e.m.c.i.embedder.EclipseLogger - file size: wro.css -> 136561 bytes
2018-04-04 09:23:53,063 [Worker-11] INFO  o.e.m.c.i.embedder.EclipseLogger - D:\spring-cloud-source-code\spring-cloud-netflix-1.2.6.RELEASE\spring-cloud-netflix-eureka-server\target\generated-resources\static\eureka\css\wro.css (136561 bytes)
2018-04-04 09:23:53,063 [Worker-11] INFO  o.e.m.c.i.embedder.EclipseLogger - folder: D:\spring-cloud-source-code\spring-cloud-netflix-1.2.6.RELEASE\spring-cloud-netflix-eureka-server\target\generated-resources\static\eureka\js
2018-04-04 09:23:53,063 [Worker-11] INFO  o.e.m.c.i.embedder.EclipseLogger - processing group: wro.js
2018-04-04 09:23:53,108 [Worker-11] INFO  o.e.m.c.i.embedder.EclipseLogger - file size: wro.js -> 115810 bytes
2018-04-04 09:23:53,108 [Worker-11] INFO  o.e.m.c.i.embedder.EclipseLogger - D:\spring-cloud-source-code\spring-cloud-netflix-1.2.6.RELEASE\spring-cloud-netflix-eureka-server\target\generated-resources\static\eureka\js\wro.js (115810 bytes)
2018-04-04 09:23:53,112 [Worker-11] INFO  o.e.m.c.i.embedder.EclipseLogger - Using 'UTF-8' encoding to copy filtered resources.
2018-04-04 09:23:53,113 [Worker-11] INFO  o.e.m.c.i.embedder.EclipseLogger - Copying 19 resources
2018-04-04 09:23:53,164 [Worker-11] INFO  o.e.m.c.i.embedder.EclipseLogger - Copying 0 resource
2018-04-04 09:23:53,166 [Worker-11] INFO  o.e.m.c.i.embedder.EclipseLogger - Using 'UTF-8' encoding to copy filtered resources.
2018-04-04 09:23:53,167 [Worker-11] INFO  o.e.m.c.i.embedder.EclipseLogger - Copying 1 resource
2018-04-04 09:23:53,689 [Worker-11] INFO  o.e.m.c.i.embedder.EclipseLogger - Using 'UTF-8' encoding to copy filtered resources.
2018-04-04 09:23:53,690 [Worker-11] INFO  o.e.m.c.i.embedder.EclipseLogger - Copying 0 resource
2018-04-04 09:23:53,691 [Worker-11] INFO  o.e.m.c.i.embedder.EclipseLogger - Copying 26 resources
2018-04-04 09:23:53,763 [Worker-11] INFO  o.e.m.c.i.embedder.EclipseLogger - Using 'UTF-8' encoding to copy filtered resources.
2018-04-04 09:23:53,763 [Worker-11] INFO  o.e.m.c.i.embedder.EclipseLogger - Copying 1 resource
2018-04-04 09:23:54,230 [Worker-11] INFO  o.e.m.c.i.embedder.EclipseLogger - Using 'UTF-8' encoding to copy filtered resources.
2018-04-04 09:23:54,230 [Worker-11] INFO  o.e.m.c.i.embedder.EclipseLogger - Copying 0 resource
2018-04-04 09:23:54,231 [Worker-11] INFO  o.e.m.c.i.embedder.EclipseLogger - Copying 1 resource
2018-04-04 09:23:54,236 [Worker-11] INFO  o.e.m.c.i.embedder.EclipseLogger - Using 'UTF-8' encoding to copy filtered resources.
2018-04-04 09:23:54,236 [Worker-11] INFO  o.e.m.c.i.embedder.EclipseLogger - Copying 1 resource
2018-04-04 09:23:54,486 [Worker-11] INFO  o.e.m.c.i.embedder.EclipseLogger - Using 'UTF-8' encoding to copy filtered resources.
2018-04-04 09:23:54,487 [Worker-11] INFO  o.e.m.c.i.embedder.EclipseLogger - Copying 0 resource
2018-04-04 09:23:54,487 [Worker-11] INFO  o.e.m.c.i.embedder.EclipseLogger - Copying 1 resource
2018-04-04 09:23:54,491 [Worker-11] INFO  o.e.m.c.i.embedder.EclipseLogger - Using 'UTF-8' encoding to copy filtered resources.
2018-04-04 09:23:54,491 [Worker-11] INFO  o.e.m.c.i.embedder.EclipseLogger - skip non existing resourceDirectory D:\spring-cloud-source-code\spring-cloud-netflix-1.2.6.RELEASE\spring-cloud-netflix-hystrix-amqp\src\test\resources
2018-04-04 09:23:55,030 [Worker-11] INFO  o.e.m.c.i.embedder.EclipseLogger - Using 'UTF-8' encoding to copy filtered resources.
2018-04-04 09:23:55,031 [Worker-11] INFO  o.e.m.c.i.embedder.EclipseLogger - skip non existing resourceDirectory D:\spring-cloud-source-code\spring-cloud-netflix-1.2.6.RELEASE\spring-cloud-netflix-sidecar\src\main\resources
2018-04-04 09:23:55,031 [Worker-11] INFO  o.e.m.c.i.embedder.EclipseLogger - skip non existing resourceDirectory D:\spring-cloud-source-code\spring-cloud-netflix-1.2.6.RELEASE\spring-cloud-netflix-sidecar\src\main\resources
2018-04-04 09:23:55,032 [Worker-11] INFO  o.e.m.c.i.embedder.EclipseLogger - Using 'UTF-8' encoding to copy filtered resources.
2018-04-04 09:23:55,033 [Worker-11] INFO  o.e.m.c.i.embedder.EclipseLogger - Copying 3 resources
2018-04-04 09:23:55,353 [Worker-11] INFO  o.e.m.c.i.embedder.EclipseLogger - Using 'UTF-8' encoding to copy filtered resources.
2018-04-04 09:23:55,354 [Worker-11] INFO  o.e.m.c.i.embedder.EclipseLogger - Copying 0 resource
2018-04-04 09:23:55,354 [Worker-11] INFO  o.e.m.c.i.embedder.EclipseLogger - Copying 1 resource
2018-04-04 09:23:55,358 [Worker-11] INFO  o.e.m.c.i.embedder.EclipseLogger - Using 'UTF-8' encoding to copy filtered resources.
2018-04-04 09:23:55,358 [Worker-11] INFO  o.e.m.c.i.embedder.EclipseLogger - skip non existing resourceDirectory D:\spring-cloud-source-code\spring-cloud-netflix-1.2.6.RELEASE\spring-cloud-netflix-spectator\src\test\resources
2018-04-04 09:23:56,095 [Worker-11] INFO  o.e.m.c.i.embedder.EclipseLogger - Using 'UTF-8' encoding to copy filtered resources.
2018-04-04 09:23:56,095 [Worker-11] INFO  o.e.m.c.i.embedder.EclipseLogger - skip non existing resourceDirectory D:\spring-cloud-source-code\spring-cloud-netflix-1.2.6.RELEASE\spring-cloud-netflix-turbine\src\main\resources
2018-04-04 09:23:56,095 [Worker-11] INFO  o.e.m.c.i.embedder.EclipseLogger - skip non existing resourceDirectory D:\spring-cloud-source-code\spring-cloud-netflix-1.2.6.RELEASE\spring-cloud-netflix-turbine\src\main\resources
2018-04-04 09:23:56,097 [Worker-11] INFO  o.e.m.c.i.embedder.EclipseLogger - Using 'UTF-8' encoding to copy filtered resources.
2018-04-04 09:23:56,097 [Worker-11] INFO  o.e.m.c.i.embedder.EclipseLogger - skip non existing resourceDirectory D:\spring-cloud-source-code\spring-cloud-netflix-1.2.6.RELEASE\spring-cloud-netflix-turbine\src\test\resources
2018-04-04 09:23:56,579 [Worker-11] INFO  o.e.m.c.i.embedder.EclipseLogger - Using 'UTF-8' encoding to copy filtered resources.
2018-04-04 09:23:56,580 [Worker-11] INFO  o.e.m.c.i.embedder.EclipseLogger - Copying 0 resource
2018-04-04 09:23:56,580 [Worker-11] INFO  o.e.m.c.i.embedder.EclipseLogger - Copying 2 resources
2018-04-04 09:23:56,585 [Worker-11] INFO  o.e.m.c.i.embedder.EclipseLogger - Using 'UTF-8' encoding to copy filtered resources.
2018-04-04 09:23:56,585 [Worker-11] INFO  o.e.m.c.i.embedder.EclipseLogger - Copying 1 resource
2018-04-04 09:23:56,738 [Worker-11] INFO  o.e.m.c.i.embedder.EclipseLogger - Using 'UTF-8' encoding to copy filtered resources.
2018-04-04 09:23:56,738 [Worker-11] INFO  o.e.m.c.i.embedder.EclipseLogger - Copying 0 resource
2018-04-04 09:23:56,739 [Worker-11] INFO  o.e.m.c.i.embedder.EclipseLogger - Copying 1 resource
2018-04-04 09:23:56,742 [Worker-11] INFO  o.e.m.c.i.embedder.EclipseLogger - Using 'UTF-8' encoding to copy filtered resources.
2018-04-04 09:23:56,742 [Worker-11] INFO  o.e.m.c.i.embedder.EclipseLogger - skip non existing resourceDirectory D:\spring-cloud-source-code\spring-cloud-netflix-1.2.6.RELEASE\spring-cloud-starter-archaius\src\test\resources
2018-04-04 09:23:56,893 [Worker-11] INFO  o.e.m.c.i.embedder.EclipseLogger - Using 'UTF-8' encoding to copy filtered resources.
2018-04-04 09:23:56,893 [Worker-11] INFO  o.e.m.c.i.embedder.EclipseLogger - Copying 0 resource
2018-04-04 09:23:56,893 [Worker-11] INFO  o.e.m.c.i.embedder.EclipseLogger - Copying 1 resource
2018-04-04 09:23:56,896 [Worker-11] INFO  o.e.m.c.i.embedder.EclipseLogger - Using 'UTF-8' encoding to copy filtered resources.
2018-04-04 09:23:56,897 [Worker-11] INFO  o.e.m.c.i.embedder.EclipseLogger - skip non existing resourceDirectory D:\spring-cloud-source-code\spring-cloud-netflix-1.2.6.RELEASE\spring-cloud-starter-atlas\src\test\resources
2018-04-04 09:23:57,108 [Worker-11] INFO  o.e.m.c.i.embedder.EclipseLogger - Using 'UTF-8' encoding to copy filtered resources.
2018-04-04 09:23:57,109 [Worker-11] INFO  o.e.m.c.i.embedder.EclipseLogger - Copying 0 resource
2018-04-04 09:23:57,109 [Worker-11] INFO  o.e.m.c.i.embedder.EclipseLogger - Copying 1 resource
2018-04-04 09:23:57,115 [Worker-11] INFO  o.e.m.c.i.embedder.EclipseLogger - Using 'UTF-8' encoding to copy filtered resources.
2018-04-04 09:23:57,116 [Worker-11] INFO  o.e.m.c.i.embedder.EclipseLogger - skip non existing resourceDirectory D:\spring-cloud-source-code\spring-cloud-netflix-1.2.6.RELEASE\spring-cloud-starter-hystrix\src\test\resources
2018-04-04 09:23:57,386 [Worker-11] INFO  o.e.m.c.i.embedder.EclipseLogger - Using 'UTF-8' encoding to copy filtered resources.
2018-04-04 09:23:57,387 [Worker-11] INFO  o.e.m.c.i.embedder.EclipseLogger - Copying 0 resource
2018-04-04 09:23:57,387 [Worker-11] INFO  o.e.m.c.i.embedder.EclipseLogger - Copying 1 resource
2018-04-04 09:23:57,394 [Worker-11] INFO  o.e.m.c.i.embedder.EclipseLogger - Using 'UTF-8' encoding to copy filtered resources.
2018-04-04 09:23:57,394 [Worker-11] INFO  o.e.m.c.i.embedder.EclipseLogger - skip non existing resourceDirectory D:\spring-cloud-source-code\spring-cloud-netflix-1.2.6.RELEASE\spring-cloud-starter-hystrix-dashboard\src\test\resources
2018-04-04 09:23:57,622 [Worker-11] INFO  o.e.m.c.i.embedder.EclipseLogger - Using 'UTF-8' encoding to copy filtered resources.
2018-04-04 09:23:57,622 [Worker-11] INFO  o.e.m.c.i.embedder.EclipseLogger - Copying 0 resource
2018-04-04 09:23:57,623 [Worker-11] INFO  o.e.m.c.i.embedder.EclipseLogger - Copying 1 resource
2018-04-04 09:23:57,626 [Worker-11] INFO  o.e.m.c.i.embedder.EclipseLogger - Using 'UTF-8' encoding to copy filtered resources.
2018-04-04 09:23:57,626 [Worker-11] INFO  o.e.m.c.i.embedder.EclipseLogger - skip non existing resourceDirectory D:\spring-cloud-source-code\spring-cloud-netflix-1.2.6.RELEASE\spring-cloud-starter-ribbon\src\test\resources
2018-04-04 09:23:57,867 [Worker-11] INFO  o.e.m.c.i.embedder.EclipseLogger - Using 'UTF-8' encoding to copy filtered resources.
2018-04-04 09:23:57,868 [Worker-11] INFO  o.e.m.c.i.embedder.EclipseLogger - Copying 0 resource
2018-04-04 09:23:57,868 [Worker-11] INFO  o.e.m.c.i.embedder.EclipseLogger - Copying 1 resource
2018-04-04 09:23:57,872 [Worker-11] INFO  o.e.m.c.i.embedder.EclipseLogger - Using 'UTF-8' encoding to copy filtered resources.
2018-04-04 09:23:57,872 [Worker-11] INFO  o.e.m.c.i.embedder.EclipseLogger - skip non existing resourceDirectory D:\spring-cloud-source-code\spring-cloud-netflix-1.2.6.RELEASE\spring-cloud-starter-feign\src\test\resources
2018-04-04 09:23:58,232 [Worker-11] INFO  o.e.m.c.i.embedder.EclipseLogger - Using 'UTF-8' encoding to copy filtered resources.
2018-04-04 09:23:58,233 [Worker-11] INFO  o.e.m.c.i.embedder.EclipseLogger - Copying 0 resource
2018-04-04 09:23:58,233 [Worker-11] INFO  o.e.m.c.i.embedder.EclipseLogger - Copying 1 resource
2018-04-04 09:23:58,237 [Worker-11] INFO  o.e.m.c.i.embedder.EclipseLogger - Using 'UTF-8' encoding to copy filtered resources.
2018-04-04 09:23:58,237 [Worker-11] INFO  o.e.m.c.i.embedder.EclipseLogger - skip non existing resourceDirectory D:\spring-cloud-source-code\spring-cloud-netflix-1.2.6.RELEASE\spring-cloud-starter-eureka-server\src\test\resources
2018-04-04 09:23:59,012 [Worker-11] INFO  o.e.m.c.i.embedder.EclipseLogger - Using 'UTF-8' encoding to copy filtered resources.
2018-04-04 09:23:59,012 [Worker-11] INFO  o.e.m.c.i.embedder.EclipseLogger - Copying 0 resource
2018-04-04 09:23:59,013 [Worker-11] INFO  o.e.m.c.i.embedder.EclipseLogger - Copying 1 resource
2018-04-04 09:23:59,018 [Worker-11] INFO  o.e.m.c.i.embedder.EclipseLogger - Using 'UTF-8' encoding to copy filtered resources.
2018-04-04 09:23:59,018 [Worker-11] INFO  o.e.m.c.i.embedder.EclipseLogger - skip non existing resourceDirectory D:\spring-cloud-source-code\spring-cloud-netflix-1.2.6.RELEASE\spring-cloud-starter-eureka\src\test\resources
2018-04-04 09:23:59,225 [Worker-11] INFO  o.e.m.c.i.embedder.EclipseLogger - Using 'UTF-8' encoding to copy filtered resources.
2018-04-04 09:23:59,226 [Worker-11] INFO  o.e.m.c.i.embedder.EclipseLogger - Copying 0 resource
2018-04-04 09:23:59,226 [Worker-11] INFO  o.e.m.c.i.embedder.EclipseLogger - Copying 1 resource
2018-04-04 09:23:59,230 [Worker-11] INFO  o.e.m.c.i.embedder.EclipseLogger - Using 'UTF-8' encoding to copy filtered resources.
2018-04-04 09:23:59,231 [Worker-11] INFO  o.e.m.c.i.embedder.EclipseLogger - skip non existing resourceDirectory D:\spring-cloud-source-code\spring-cloud-netflix-1.2.6.RELEASE\spring-cloud-starter-spectator\src\test\resources
2018-04-04 09:23:59,673 [Worker-11] INFO  o.e.m.c.i.embedder.EclipseLogger - Using 'UTF-8' encoding to copy filtered resources.
2018-04-04 09:23:59,673 [Worker-11] INFO  o.e.m.c.i.embedder.EclipseLogger - Copying 0 resource
2018-04-04 09:23:59,674 [Worker-11] INFO  o.e.m.c.i.embedder.EclipseLogger - Copying 1 resource
2018-04-04 09:23:59,678 [Worker-11] INFO  o.e.m.c.i.embedder.EclipseLogger - Using 'UTF-8' encoding to copy filtered resources.
2018-04-04 09:23:59,678 [Worker-11] INFO  o.e.m.c.i.embedder.EclipseLogger - skip non existing resourceDirectory D:\spring-cloud-source-code\spring-cloud-netflix-1.2.6.RELEASE\spring-cloud-starter-turbine\src\test\resources
2018-04-04 09:24:00,170 [Worker-11] INFO  o.e.m.c.i.embedder.EclipseLogger - Using 'UTF-8' encoding to copy filtered resources.
2018-04-04 09:24:00,171 [Worker-11] INFO  o.e.m.c.i.embedder.EclipseLogger - Copying 0 resource
2018-04-04 09:24:00,171 [Worker-11] INFO  o.e.m.c.i.embedder.EclipseLogger - Copying 1 resource
2018-04-04 09:24:00,175 [Worker-11] INFO  o.e.m.c.i.embedder.EclipseLogger - Using 'UTF-8' encoding to copy filtered resources.
2018-04-04 09:24:00,175 [Worker-11] INFO  o.e.m.c.i.embedder.EclipseLogger - skip non existing resourceDirectory D:\spring-cloud-source-code\spring-cloud-netflix-1.2.6.RELEASE\spring-cloud-starter-turbine-stream\src\test\resources
2018-04-04 09:24:00,588 [Worker-11] INFO  o.e.m.c.i.embedder.EclipseLogger - Using 'UTF-8' encoding to copy filtered resources.
2018-04-04 09:24:00,589 [Worker-11] INFO  o.e.m.c.i.embedder.EclipseLogger - Copying 0 resource
2018-04-04 09:24:00,589 [Worker-11] INFO  o.e.m.c.i.embedder.EclipseLogger - Copying 1 resource
2018-04-04 09:24:00,593 [Worker-11] INFO  o.e.m.c.i.embedder.EclipseLogger - Using 'UTF-8' encoding to copy filtered resources.
2018-04-04 09:24:00,593 [Worker-11] INFO  o.e.m.c.i.embedder.EclipseLogger - skip non existing resourceDirectory D:\spring-cloud-source-code\spring-cloud-netflix-1.2.6.RELEASE\spring-cloud-starter-turbine-amqp\src\test\resources
2018-04-04 09:24:00,968 [Worker-11] INFO  o.e.m.c.i.embedder.EclipseLogger - Using 'UTF-8' encoding to copy filtered resources.
2018-04-04 09:24:00,968 [Worker-11] INFO  o.e.m.c.i.embedder.EclipseLogger - Copying 0 resource
2018-04-04 09:24:00,968 [Worker-11] INFO  o.e.m.c.i.embedder.EclipseLogger - Copying 1 resource
2018-04-04 09:24:00,971 [Worker-11] INFO  o.e.m.c.i.embedder.EclipseLogger - Using 'UTF-8' encoding to copy filtered resources.
2018-04-04 09:24:00,972 [Worker-11] INFO  o.e.m.c.i.embedder.EclipseLogger - skip non existing resourceDirectory D:\spring-cloud-source-code\spring-cloud-netflix-1.2.6.RELEASE\spring-cloud-starter-zuul\src\test\resources
2018-04-04 09:24:01,416 [Worker-11] INFO  o.e.m.c.i.embedder.EclipseLogger - Using 'UTF-8' encoding to copy filtered resources.
2018-04-04 09:24:01,417 [Worker-11] INFO  o.e.m.c.i.embedder.EclipseLogger - Copying 1 resource
2018-04-04 09:24:01,419 [Worker-11] INFO  o.e.m.c.i.embedder.EclipseLogger - Copying 0 resource
2018-04-04 09:24:01,420 [Worker-11] INFO  o.e.m.c.i.embedder.EclipseLogger - Using 'UTF-8' encoding to copy filtered resources.
2018-04-04 09:24:01,420 [Worker-11] INFO  o.e.m.c.i.embedder.EclipseLogger - skip non existing resourceDirectory D:\spring-cloud-source-code\test-eureka-server\src\test\resources
2018-04-04 09:25:15,829 [Worker-2] INFO  o.e.m.c.i.embedder.EclipseLogger - Using 'UTF-8' encoding to copy filtered resources.
2018-04-04 09:25:15,829 [Worker-2] INFO  o.e.m.c.i.embedder.EclipseLogger - Copying 0 resource
2018-04-04 09:25:15,829 [Worker-2] INFO  o.e.m.c.i.embedder.EclipseLogger - Copying 0 resource
2018-04-04 09:25:15,831 [Worker-2] INFO  o.e.m.c.i.embedder.EclipseLogger - Using 'UTF-8' encoding to copy filtered resources.
2018-04-04 09:25:15,831 [Worker-2] INFO  o.e.m.c.i.embedder.EclipseLogger - Copying 0 resource
2018-04-04 09:25:16,382 [Worker-2] INFO  o.e.m.c.i.embedder.EclipseLogger - Using 'UTF-8' encoding to copy filtered resources.
2018-04-04 09:25:16,382 [Worker-2] INFO  o.e.m.c.i.embedder.EclipseLogger - Copying 0 resource
2018-04-04 09:25:16,383 [Worker-2] INFO  o.e.m.c.i.embedder.EclipseLogger - Copying 0 resource
2018-04-04 09:25:16,384 [Worker-2] INFO  o.e.m.c.i.embedder.EclipseLogger - Using 'UTF-8' encoding to copy filtered resources.
2018-04-04 09:25:16,385 [Worker-2] INFO  o.e.m.c.i.embedder.EclipseLogger - Copying 0 resource
2018-04-04 09:25:16,841 [Worker-2] INFO  o.e.m.c.i.embedder.EclipseLogger - Using 'UTF-8' encoding to copy filtered resources.
2018-04-04 09:25:16,842 [Worker-2] INFO  o.e.m.c.i.embedder.EclipseLogger - Copying 0 resource
2018-04-04 09:25:17,256 [Worker-2] INFO  o.e.m.c.i.embedder.EclipseLogger - Using 'UTF-8' encoding to copy filtered resources.
2018-04-04 09:25:17,256 [Worker-2] INFO  o.e.m.c.i.embedder.EclipseLogger - Copying 0 resource
2018-04-04 09:25:17,256 [Worker-2] INFO  o.e.m.c.i.embedder.EclipseLogger - Copying 0 resource
2018-04-04 09:25:17,258 [Worker-2] INFO  o.e.m.c.i.embedder.EclipseLogger - Using 'UTF-8' encoding to copy filtered resources.
2018-04-04 09:25:17,258 [Worker-2] INFO  o.e.m.c.i.embedder.EclipseLogger - Copying 0 resource
2018-04-04 09:25:17,560 [Worker-2] INFO  o.e.m.c.i.embedder.EclipseLogger - Using 'UTF-8' encoding to copy filtered resources.
2018-04-04 09:25:17,560 [Worker-2] INFO  o.e.m.c.i.embedder.EclipseLogger - Copying 0 resource
2018-04-04 09:25:17,561 [Worker-2] INFO  o.e.m.c.i.embedder.EclipseLogger - Copying 0 resource
2018-04-04 09:25:17,563 [Worker-2] INFO  o.e.m.c.i.embedder.EclipseLogger - Using 'UTF-8' encoding to copy filtered resources.
2018-04-04 09:25:17,563 [Worker-2] INFO  o.e.m.c.i.embedder.EclipseLogger - Copying 0 resource
2018-04-04 09:25:17,936 [Worker-2] INFO  o.e.m.c.i.embedder.EclipseLogger - Using 'UTF-8' encoding to copy filtered resources.
2018-04-04 09:25:17,937 [Worker-2] INFO  o.e.m.c.i.embedder.EclipseLogger - Copying 0 resource
2018-04-04 09:25:17,937 [Worker-2] INFO  o.e.m.c.i.embedder.EclipseLogger - Copying 0 resource
2018-04-04 09:25:17,939 [Worker-2] INFO  o.e.m.c.i.embedder.EclipseLogger - Using 'UTF-8' encoding to copy filtered resources.
2018-04-04 09:25:17,939 [Worker-2] INFO  o.e.m.c.i.embedder.EclipseLogger - Copying 0 resource
2018-04-04 09:25:18,209 [Worker-2] INFO  o.e.m.c.i.embedder.EclipseLogger - Using 'UTF-8' encoding to copy filtered resources.
2018-04-04 09:25:18,210 [Worker-2] INFO  o.e.m.c.i.embedder.EclipseLogger - Copying 0 resource
2018-04-04 09:25:18,210 [Worker-2] INFO  o.e.m.c.i.embedder.EclipseLogger - Copying 0 resource
2018-04-04 09:25:18,211 [Worker-2] INFO  o.e.m.c.i.embedder.EclipseLogger - Using 'UTF-8' encoding to copy filtered resources.
2018-04-04 09:25:18,212 [Worker-2] INFO  o.e.m.c.i.embedder.EclipseLogger - skip non existing resourceDirectory D:\spring-cloud-source-code\spring-cloud-netflix-1.2.6.RELEASE\spring-cloud-netflix-hystrix-amqp\src\test\resources
2018-04-04 09:25:18,578 [Worker-2] INFO  o.e.m.c.i.embedder.EclipseLogger - Using 'UTF-8' encoding to copy filtered resources.
2018-04-04 09:25:18,578 [Worker-2] INFO  o.e.m.c.i.embedder.EclipseLogger - skip non existing resourceDirectory D:\spring-cloud-source-code\spring-cloud-netflix-1.2.6.RELEASE\spring-cloud-netflix-sidecar\src\main\resources
2018-04-04 09:25:18,578 [Worker-2] INFO  o.e.m.c.i.embedder.EclipseLogger - skip non existing resourceDirectory D:\spring-cloud-source-code\spring-cloud-netflix-1.2.6.RELEASE\spring-cloud-netflix-sidecar\src\main\resources
2018-04-04 09:25:18,579 [Worker-2] INFO  o.e.m.c.i.embedder.EclipseLogger - Using 'UTF-8' encoding to copy filtered resources.
2018-04-04 09:25:18,579 [Worker-2] INFO  o.e.m.c.i.embedder.EclipseLogger - Copying 0 resource
2018-04-04 09:25:18,726 [Worker-2] INFO  o.e.m.c.i.embedder.EclipseLogger - Using 'UTF-8' encoding to copy filtered resources.
2018-04-04 09:25:18,726 [Worker-2] INFO  o.e.m.c.i.embedder.EclipseLogger - Copying 0 resource
2018-04-04 09:25:18,726 [Worker-2] INFO  o.e.m.c.i.embedder.EclipseLogger - Copying 0 resource
2018-04-04 09:25:18,728 [Worker-2] INFO  o.e.m.c.i.embedder.EclipseLogger - Using 'UTF-8' encoding to copy filtered resources.
2018-04-04 09:25:18,728 [Worker-2] INFO  o.e.m.c.i.embedder.EclipseLogger - skip non existing resourceDirectory D:\spring-cloud-source-code\spring-cloud-netflix-1.2.6.RELEASE\spring-cloud-netflix-spectator\src\test\resources
2018-04-04 09:25:18,954 [Worker-2] INFO  o.e.m.c.i.embedder.EclipseLogger - Using 'UTF-8' encoding to copy filtered resources.
2018-04-04 09:25:18,954 [Worker-2] INFO  o.e.m.c.i.embedder.EclipseLogger - skip non existing resourceDirectory D:\spring-cloud-source-code\spring-cloud-netflix-1.2.6.RELEASE\spring-cloud-netflix-turbine\src\main\resources
2018-04-04 09:25:18,954 [Worker-2] INFO  o.e.m.c.i.embedder.EclipseLogger - skip non existing resourceDirectory D:\spring-cloud-source-code\spring-cloud-netflix-1.2.6.RELEASE\spring-cloud-netflix-turbine\src\main\resources
2018-04-04 09:25:18,956 [Worker-2] INFO  o.e.m.c.i.embedder.EclipseLogger - Using 'UTF-8' encoding to copy filtered resources.
2018-04-04 09:25:18,956 [Worker-2] INFO  o.e.m.c.i.embedder.EclipseLogger - skip non existing resourceDirectory D:\spring-cloud-source-code\spring-cloud-netflix-1.2.6.RELEASE\spring-cloud-netflix-turbine\src\test\resources
2018-04-04 09:25:19,197 [Worker-2] INFO  o.e.m.c.i.embedder.EclipseLogger - Using 'UTF-8' encoding to copy filtered resources.
2018-04-04 09:25:19,197 [Worker-2] INFO  o.e.m.c.i.embedder.EclipseLogger - Copying 0 resource
2018-04-04 09:25:19,198 [Worker-2] INFO  o.e.m.c.i.embedder.EclipseLogger - Copying 0 resource
2018-04-04 09:25:19,198 [Worker-2] INFO  o.e.m.c.i.embedder.EclipseLogger - Using 'UTF-8' encoding to copy filtered resources.
2018-04-04 09:25:19,199 [Worker-2] INFO  o.e.m.c.i.embedder.EclipseLogger - Copying 0 resource
2018-04-04 09:25:19,380 [Worker-2] INFO  o.e.m.c.i.embedder.EclipseLogger - Using 'UTF-8' encoding to copy filtered resources.
2018-04-04 09:25:19,380 [Worker-2] INFO  o.e.m.c.i.embedder.EclipseLogger - Copying 0 resource
2018-04-04 09:25:19,381 [Worker-2] INFO  o.e.m.c.i.embedder.EclipseLogger - Copying 0 resource
2018-04-04 09:25:19,382 [Worker-2] INFO  o.e.m.c.i.embedder.EclipseLogger - Using 'UTF-8' encoding to copy filtered resources.
2018-04-04 09:25:19,382 [Worker-2] INFO  o.e.m.c.i.embedder.EclipseLogger - skip non existing resourceDirectory D:\spring-cloud-source-code\spring-cloud-netflix-1.2.6.RELEASE\spring-cloud-starter-archaius\src\test\resources
2018-04-04 09:25:19,578 [Worker-2] INFO  o.e.m.c.i.embedder.EclipseLogger - Using 'UTF-8' encoding to copy filtered resources.
2018-04-04 09:25:19,578 [Worker-2] INFO  o.e.m.c.i.embedder.EclipseLogger - Copying 0 resource
2018-04-04 09:25:19,578 [Worker-2] INFO  o.e.m.c.i.embedder.EclipseLogger - Copying 0 resource
2018-04-04 09:25:19,579 [Worker-2] INFO  o.e.m.c.i.embedder.EclipseLogger - Using 'UTF-8' encoding to copy filtered resources.
2018-04-04 09:25:19,579 [Worker-2] INFO  o.e.m.c.i.embedder.EclipseLogger - skip non existing resourceDirectory D:\spring-cloud-source-code\spring-cloud-netflix-1.2.6.RELEASE\spring-cloud-starter-atlas\src\test\resources
2018-04-04 09:25:19,771 [Worker-2] INFO  o.e.m.c.i.embedder.EclipseLogger - Using 'UTF-8' encoding to copy filtered resources.
2018-04-04 09:25:19,771 [Worker-2] INFO  o.e.m.c.i.embedder.EclipseLogger - Copying 0 resource
2018-04-04 09:25:19,771 [Worker-2] INFO  o.e.m.c.i.embedder.EclipseLogger - Copying 0 resource
2018-04-04 09:25:19,773 [Worker-2] INFO  o.e.m.c.i.embedder.EclipseLogger - Using 'UTF-8' encoding to copy filtered resources.
2018-04-04 09:25:19,773 [Worker-2] INFO  o.e.m.c.i.embedder.EclipseLogger - skip non existing resourceDirectory D:\spring-cloud-source-code\spring-cloud-netflix-1.2.6.RELEASE\spring-cloud-starter-hystrix\src\test\resources
2018-04-04 09:25:20,329 [Worker-2] INFO  o.e.m.c.i.embedder.EclipseLogger - Using 'UTF-8' encoding to copy filtered resources.
2018-04-04 09:25:20,330 [Worker-2] INFO  o.e.m.c.i.embedder.EclipseLogger - Copying 0 resource
2018-04-04 09:25:20,330 [Worker-2] INFO  o.e.m.c.i.embedder.EclipseLogger - Copying 0 resource
2018-04-04 09:25:20,332 [Worker-2] INFO  o.e.m.c.i.embedder.EclipseLogger - Using 'UTF-8' encoding to copy filtered resources.
2018-04-04 09:25:20,332 [Worker-2] INFO  o.e.m.c.i.embedder.EclipseLogger - skip non existing resourceDirectory D:\spring-cloud-source-code\spring-cloud-netflix-1.2.6.RELEASE\spring-cloud-starter-hystrix-dashboard\src\test\resources
2018-04-04 09:25:20,545 [Worker-2] INFO  o.e.m.c.i.embedder.EclipseLogger - Using 'UTF-8' encoding to copy filtered resources.
2018-04-04 09:25:20,545 [Worker-2] INFO  o.e.m.c.i.embedder.EclipseLogger - Copying 0 resource
2018-04-04 09:25:20,545 [Worker-2] INFO  o.e.m.c.i.embedder.EclipseLogger - Copying 0 resource
2018-04-04 09:25:20,547 [Worker-2] INFO  o.e.m.c.i.embedder.EclipseLogger - Using 'UTF-8' encoding to copy filtered resources.
2018-04-04 09:25:20,547 [Worker-2] INFO  o.e.m.c.i.embedder.EclipseLogger - skip non existing resourceDirectory D:\spring-cloud-source-code\spring-cloud-netflix-1.2.6.RELEASE\spring-cloud-starter-ribbon\src\test\resources
2018-04-04 09:25:20,752 [Worker-2] INFO  o.e.m.c.i.embedder.EclipseLogger - Using 'UTF-8' encoding to copy filtered resources.
2018-04-04 09:25:20,753 [Worker-2] INFO  o.e.m.c.i.embedder.EclipseLogger - Copying 0 resource
2018-04-04 09:25:20,753 [Worker-2] INFO  o.e.m.c.i.embedder.EclipseLogger - Copying 0 resource
2018-04-04 09:25:20,755 [Worker-2] INFO  o.e.m.c.i.embedder.EclipseLogger - Using 'UTF-8' encoding to copy filtered resources.
2018-04-04 09:25:20,755 [Worker-2] INFO  o.e.m.c.i.embedder.EclipseLogger - skip non existing resourceDirectory D:\spring-cloud-source-code\spring-cloud-netflix-1.2.6.RELEASE\spring-cloud-starter-feign\src\test\resources
2018-04-04 09:25:21,064 [Worker-2] INFO  o.e.m.c.i.embedder.EclipseLogger - Using 'UTF-8' encoding to copy filtered resources.
2018-04-04 09:25:21,064 [Worker-2] INFO  o.e.m.c.i.embedder.EclipseLogger - Copying 0 resource
2018-04-04 09:25:21,065 [Worker-2] INFO  o.e.m.c.i.embedder.EclipseLogger - Copying 0 resource
2018-04-04 09:25:21,066 [Worker-2] INFO  o.e.m.c.i.embedder.EclipseLogger - Using 'UTF-8' encoding to copy filtered resources.
2018-04-04 09:25:21,066 [Worker-2] INFO  o.e.m.c.i.embedder.EclipseLogger - skip non existing resourceDirectory D:\spring-cloud-source-code\spring-cloud-netflix-1.2.6.RELEASE\spring-cloud-starter-eureka-server\src\test\resources
2018-04-04 09:25:21,323 [Worker-2] INFO  o.e.m.c.i.embedder.EclipseLogger - Using 'UTF-8' encoding to copy filtered resources.
2018-04-04 09:25:21,323 [Worker-2] INFO  o.e.m.c.i.embedder.EclipseLogger - Copying 0 resource
2018-04-04 09:25:21,323 [Worker-2] INFO  o.e.m.c.i.embedder.EclipseLogger - Copying 0 resource
2018-04-04 09:25:21,325 [Worker-2] INFO  o.e.m.c.i.embedder.EclipseLogger - Using 'UTF-8' encoding to copy filtered resources.
2018-04-04 09:25:21,325 [Worker-2] INFO  o.e.m.c.i.embedder.EclipseLogger - skip non existing resourceDirectory D:\spring-cloud-source-code\spring-cloud-netflix-1.2.6.RELEASE\spring-cloud-starter-eureka\src\test\resources
2018-04-04 09:25:21,479 [Worker-2] INFO  o.e.m.c.i.embedder.EclipseLogger - Using 'UTF-8' encoding to copy filtered resources.
2018-04-04 09:25:21,480 [Worker-2] INFO  o.e.m.c.i.embedder.EclipseLogger - Copying 0 resource
2018-04-04 09:25:21,480 [Worker-2] INFO  o.e.m.c.i.embedder.EclipseLogger - Copying 0 resource
2018-04-04 09:25:21,482 [Worker-2] INFO  o.e.m.c.i.embedder.EclipseLogger - Using 'UTF-8' encoding to copy filtered resources.
2018-04-04 09:25:21,482 [Worker-2] INFO  o.e.m.c.i.embedder.EclipseLogger - skip non existing resourceDirectory D:\spring-cloud-source-code\spring-cloud-netflix-1.2.6.RELEASE\spring-cloud-starter-spectator\src\test\resources
2018-04-04 09:25:21,761 [Worker-2] INFO  o.e.m.c.i.embedder.EclipseLogger - Using 'UTF-8' encoding to copy filtered resources.
2018-04-04 09:25:21,761 [Worker-2] INFO  o.e.m.c.i.embedder.EclipseLogger - Copying 0 resource
2018-04-04 09:25:21,761 [Worker-2] INFO  o.e.m.c.i.embedder.EclipseLogger - Copying 0 resource
2018-04-04 09:25:21,763 [Worker-2] INFO  o.e.m.c.i.embedder.EclipseLogger - Using 'UTF-8' encoding to copy filtered resources.
2018-04-04 09:25:21,763 [Worker-2] INFO  o.e.m.c.i.embedder.EclipseLogger - skip non existing resourceDirectory D:\spring-cloud-source-code\spring-cloud-netflix-1.2.6.RELEASE\spring-cloud-starter-turbine\src\test\resources
2018-04-04 09:25:22,055 [Worker-2] INFO  o.e.m.c.i.embedder.EclipseLogger - Using 'UTF-8' encoding to copy filtered resources.
2018-04-04 09:25:22,056 [Worker-2] INFO  o.e.m.c.i.embedder.EclipseLogger - Copying 0 resource
2018-04-04 09:25:22,056 [Worker-2] INFO  o.e.m.c.i.embedder.EclipseLogger - Copying 0 resource
2018-04-04 09:25:22,058 [Worker-2] INFO  o.e.m.c.i.embedder.EclipseLogger - Using 'UTF-8' encoding to copy filtered resources.
2018-04-04 09:25:22,058 [Worker-2] INFO  o.e.m.c.i.embedder.EclipseLogger - skip non existing resourceDirectory D:\spring-cloud-source-code\spring-cloud-netflix-1.2.6.RELEASE\spring-cloud-starter-turbine-stream\src\test\resources
2018-04-04 09:25:22,466 [Worker-2] INFO  o.e.m.c.i.embedder.EclipseLogger - Using 'UTF-8' encoding to copy filtered resources.
2018-04-04 09:25:22,466 [Worker-2] INFO  o.e.m.c.i.embedder.EclipseLogger - Copying 0 resource
2018-04-04 09:25:22,466 [Worker-2] INFO  o.e.m.c.i.embedder.EclipseLogger - Copying 0 resource
2018-04-04 09:25:22,468 [Worker-2] INFO  o.e.m.c.i.embedder.EclipseLogger - Using 'UTF-8' encoding to copy filtered resources.
2018-04-04 09:25:22,468 [Worker-2] INFO  o.e.m.c.i.embedder.EclipseLogger - skip non existing resourceDirectory D:\spring-cloud-source-code\spring-cloud-netflix-1.2.6.RELEASE\spring-cloud-starter-turbine-amqp\src\test\resources
2018-04-04 09:25:22,663 [Worker-2] INFO  o.e.m.c.i.embedder.EclipseLogger - Using 'UTF-8' encoding to copy filtered resources.
2018-04-04 09:25:22,663 [Worker-2] INFO  o.e.m.c.i.embedder.EclipseLogger - Copying 0 resource
2018-04-04 09:25:22,663 [Worker-2] INFO  o.e.m.c.i.embedder.EclipseLogger - Copying 0 resource
2018-04-04 09:25:22,664 [Worker-2] INFO  o.e.m.c.i.embedder.EclipseLogger - Using 'UTF-8' encoding to copy filtered resources.
2018-04-04 09:25:22,664 [Worker-2] INFO  o.e.m.c.i.embedder.EclipseLogger - skip non existing resourceDirectory D:\spring-cloud-source-code\spring-cloud-netflix-1.2.6.RELEASE\spring-cloud-starter-zuul\src\test\resources
2018-04-04 09:25:22,910 [Worker-2] INFO  o.e.m.c.i.embedder.EclipseLogger - Using 'UTF-8' encoding to copy filtered resources.
2018-04-04 09:25:22,910 [Worker-2] INFO  o.e.m.c.i.embedder.EclipseLogger - Copying 0 resource
2018-04-04 09:25:22,910 [Worker-2] INFO  o.e.m.c.i.embedder.EclipseLogger - Copying 0 resource
2018-04-04 09:25:22,911 [Worker-2] INFO  o.e.m.c.i.embedder.EclipseLogger - Using 'UTF-8' encoding to copy filtered resources.
2018-04-04 09:25:22,911 [Worker-2] INFO  o.e.m.c.i.embedder.EclipseLogger - skip non existing resourceDirectory D:\spring-cloud-source-code\test-eureka-server\src\test\resources
2018-04-04 09:25:37,453 [Worker-4] INFO  o.e.m.c.i.embedder.EclipseLogger - Using 'UTF-8' encoding to copy filtered resources.
2018-04-04 09:25:37,454 [Worker-4] INFO  o.e.m.c.i.embedder.EclipseLogger - Copying 1 resource
2018-04-04 09:25:37,455 [Worker-4] INFO  o.e.m.c.i.embedder.EclipseLogger - Copying 0 resource
2018-04-04 09:25:37,457 [Worker-4] INFO  o.e.m.c.i.embedder.EclipseLogger - Using 'UTF-8' encoding to copy filtered resources.
2018-04-04 09:25:37,457 [Worker-4] INFO  o.e.m.c.i.embedder.EclipseLogger - skip non existing resourceDirectory D:\spring-cloud-source-code\test-eureka-server\src\test\resources
2018-04-04 09:25:38,640 [Worker-3] INFO  o.e.m.c.i.embedder.EclipseLogger - Using 'UTF-8' encoding to copy filtered resources.
2018-04-04 09:25:38,641 [Worker-3] INFO  o.e.m.c.i.embedder.EclipseLogger - Copying 1 resource
2018-04-04 09:25:38,642 [Worker-3] INFO  o.e.m.c.i.embedder.EclipseLogger - Copying 0 resource
2018-04-04 09:25:38,644 [Worker-3] INFO  o.e.m.c.i.embedder.EclipseLogger - Using 'UTF-8' encoding to copy filtered resources.
2018-04-04 09:25:38,644 [Worker-3] INFO  o.e.m.c.i.embedder.EclipseLogger - skip non existing resourceDirectory D:\spring-cloud-source-code\test-eureka-server\src\test\resources
2018-04-04 09:39:09,743 [Worker-5] INFO  o.e.m.c.i.embedder.EclipseLogger - Using 'UTF-8' encoding to copy filtered resources.
2018-04-04 09:39:09,746 [Worker-5] INFO  o.e.m.c.i.embedder.EclipseLogger - Copying 0 resource
2018-04-04 09:39:09,750 [Worker-5] INFO  o.e.m.c.i.embedder.EclipseLogger - Copying 26 resources
2018-04-04 09:39:09,754 [Worker-5] INFO  o.e.m.c.i.embedder.EclipseLogger - Using 'UTF-8' encoding to copy filtered resources.
2018-04-04 09:39:09,754 [Worker-5] INFO  o.e.m.c.i.embedder.EclipseLogger - Copying 0 resource
2018-04-04 09:39:26,690 [Worker-2] INFO  o.e.m.c.i.embedder.EclipseLogger - Using 'UTF-8' encoding to copy filtered resources.
2018-04-04 09:39:26,690 [Worker-2] INFO  o.e.m.c.i.embedder.EclipseLogger - Copying 1 resource
2018-04-04 09:39:26,692 [Worker-2] INFO  o.e.m.c.i.embedder.EclipseLogger - Copying 0 resource
2018-04-04 09:39:26,693 [Worker-2] INFO  o.e.m.c.i.embedder.EclipseLogger - Using 'UTF-8' encoding to copy filtered resources.
2018-04-04 09:39:26,693 [Worker-2] INFO  o.e.m.c.i.embedder.EclipseLogger - skip non existing resourceDirectory D:\spring-cloud-source-code\test-eureka-server\src\test\resources
2018-04-04 09:39:29,254 [Worker-2] INFO  o.e.m.c.i.embedder.EclipseLogger - Using 'UTF-8' encoding to copy filtered resources.
2018-04-04 09:39:29,260 [Worker-2] INFO  o.e.m.c.i.embedder.EclipseLogger - Copying 0 resource
2018-04-04 09:39:29,267 [Worker-2] INFO  o.e.m.c.i.embedder.EclipseLogger - Copying 26 resources
2018-04-04 09:39:29,272 [Worker-2] INFO  o.e.m.c.i.embedder.EclipseLogger - Using 'UTF-8' encoding to copy filtered resources.
2018-04-04 09:39:29,273 [Worker-2] INFO  o.e.m.c.i.embedder.EclipseLogger - Copying 0 resource
